<?xml version="1.0" encoding="UTF-8"?>
<!-- Generated by org.testng.reporters.JUnitReportReporter -->
<testsuite hostname="pyadagude" failures="0" tests="1" name="RecapPackage.sampleRun" time="1.814" errors="0" timestamp="2020-01-21T16:06:22 CST" skipped="0">
  <testcase classname="RecapPackage.sampleRun" name="sampleMethod" time="1.814"/>
</testsuite> <!-- RecapPackage.sampleRun -->
