<?xml version="1.0" encoding="UTF-8"?>
<!-- Generated by org.testng.reporters.JUnitReportReporter -->
<testsuite hostname="pyadagude" failures="0" tests="1" name="RecapPackage.ScreenshotP" time="27.702" errors="0" timestamp="2020-01-21T15:42:19 CST" skipped="0">
  <testcase classname="RecapPackage.ScreenshotP" name="sampleLaunchMethod" time="27.702"/>
</testsuite> <!-- RecapPackage.ScreenshotP -->
